<?xml version="1.0" encoding="UTF-8"?>
<testng-results ignored="0" total="20" passed="20" failed="0" skipped="0">
  <reporter-output>
  </reporter-output>
  <suite started-at="2024-02-04T23:37:51 GMT" name="FLight Reservation Suite" finished-at="2024-02-04T23:38:28 GMT" duration-ms="37032">
    <groups>
    </groups>
    <test started-at="2024-02-04T23:37:51 GMT" name="passengers-count-2" finished-at="2024-02-04T23:38:12 GMT" duration-ms="20242">
      <class name="org.example.test.flightreservation.FlightReservationTest">
        <test-method is-config="true" signature="setDriver(org.testng.ITestContext)[pri:0, instance:org.example.test.flightreservation.FlightReservationTest@6d026701]" started-at="2024-02-04T23:37:51 GMT" name="setDriver" finished-at="2024-02-04T23:37:56 GMT" duration-ms="4212" status="PASS">
          <params>
            <param index="0">
              <value>
                <![CDATA[org.testng.TestRunner@1fc32e4f]]>
              </value>
            </param>
          </params>
          <reporter-output>
          </reporter-output>
        </test-method> <!-- setDriver -->
        <test-method is-config="true" signature="setUpParameters(java.lang.String)[pri:0, instance:org.example.test.flightreservation.FlightReservationTest@6d026701]" started-at="2024-02-04T23:37:56 GMT" name="setUpParameters" finished-at="2024-02-04T23:37:56 GMT" depends-on-methods="org.example.test.AbstractTest.setDriver" duration-ms="694" status="PASS">
          <params>
            <param index="0">
              <value>
                <![CDATA[testData/flight-reservation/passenger-2.json]]>
              </value>
            </param>
          </params>
          <reporter-output>
          </reporter-output>
        </test-method> <!-- setUpParameters -->
        <test-method signature="userRegistration()[pri:0, instance:org.example.test.flightreservation.FlightReservationTest@6d026701]" started-at="2024-02-04T23:37:56 GMT" name="userRegistration" finished-at="2024-02-04T23:38:03 GMT" duration-ms="7084" status="PASS">
          <reporter-output>
          </reporter-output>
        </test-method> <!-- userRegistration -->
        <test-method signature="registrationConfirmationTest()[pri:0, instance:org.example.test.flightreservation.FlightReservationTest@6d026701]" started-at="2024-02-04T23:38:03 GMT" name="registrationConfirmationTest" finished-at="2024-02-04T23:38:05 GMT" depends-on-methods="org.example.test.flightreservation.FlightReservationTest.userRegistration" duration-ms="1480" status="PASS">
          <reporter-output>
          </reporter-output>
        </test-method> <!-- registrationConfirmationTest -->
        <test-method signature="flightSearchTest()[pri:0, instance:org.example.test.flightreservation.FlightReservationTest@6d026701]" started-at="2024-02-04T23:38:05 GMT" name="flightSearchTest" finished-at="2024-02-04T23:38:07 GMT" depends-on-methods="org.example.test.flightreservation.FlightReservationTest.registrationConfirmationTest" duration-ms="2269" status="PASS">
          <reporter-output>
          </reporter-output>
        </test-method> <!-- flightSearchTest -->
        <test-method signature="flightSelectionTest()[pri:0, instance:org.example.test.flightreservation.FlightReservationTest@6d026701]" started-at="2024-02-04T23:38:07 GMT" name="flightSelectionTest" finished-at="2024-02-04T23:38:09 GMT" depends-on-methods="org.example.test.flightreservation.FlightReservationTest.flightSearchTest" duration-ms="2000" status="PASS">
          <reporter-output>
          </reporter-output>
        </test-method> <!-- flightSelectionTest -->
        <test-method signature="flightReservationConfirmation()[pri:0, instance:org.example.test.flightreservation.FlightReservationTest@6d026701]" started-at="2024-02-04T23:38:09 GMT" name="flightReservationConfirmation" finished-at="2024-02-04T23:38:11 GMT" depends-on-methods="org.example.test.flightreservation.FlightReservationTest.flightSelectionTest" duration-ms="2235" status="PASS">
          <reporter-output>
          </reporter-output>
        </test-method> <!-- flightReservationConfirmation -->
        <test-method is-config="true" signature="quiteDriver()[pri:0, instance:org.example.test.flightreservation.FlightReservationTest@6d026701]" started-at="2024-02-04T23:38:11 GMT" name="quiteDriver" finished-at="2024-02-04T23:38:12 GMT" duration-ms="183" status="PASS">
          <reporter-output>
          </reporter-output>
        </test-method> <!-- quiteDriver -->
      </class> <!-- org.example.test.flightreservation.FlightReservationTest -->
    </test> <!-- passengers-count-2 -->
    <test started-at="2024-02-04T23:37:51 GMT" name="passengers-count-1" finished-at="2024-02-04T23:38:12 GMT" duration-ms="20394">
      <class name="org.example.test.flightreservation.FlightReservationTest">
        <test-method is-config="true" signature="setDriver(org.testng.ITestContext)[pri:0, instance:org.example.test.flightreservation.FlightReservationTest@1e81f160]" started-at="2024-02-04T23:37:51 GMT" name="setDriver" finished-at="2024-02-04T23:37:56 GMT" duration-ms="4220" status="PASS">
          <params>
            <param index="0">
              <value>
                <![CDATA[org.testng.TestRunner@4716be8b]]>
              </value>
            </param>
          </params>
          <reporter-output>
          </reporter-output>
        </test-method> <!-- setDriver -->
        <test-method is-config="true" signature="setUpParameters(java.lang.String)[pri:0, instance:org.example.test.flightreservation.FlightReservationTest@1e81f160]" started-at="2024-02-04T23:37:56 GMT" name="setUpParameters" finished-at="2024-02-04T23:37:56 GMT" depends-on-methods="org.example.test.AbstractTest.setDriver" duration-ms="702" status="PASS">
          <params>
            <param index="0">
              <value>
                <![CDATA[testData/flight-reservation/passenger-1.json]]>
              </value>
            </param>
          </params>
          <reporter-output>
          </reporter-output>
        </test-method> <!-- setUpParameters -->
        <test-method signature="userRegistration()[pri:0, instance:org.example.test.flightreservation.FlightReservationTest@1e81f160]" started-at="2024-02-04T23:37:56 GMT" name="userRegistration" finished-at="2024-02-04T23:38:02 GMT" duration-ms="5777" status="PASS">
          <reporter-output>
          </reporter-output>
        </test-method> <!-- userRegistration -->
        <test-method signature="registrationConfirmationTest()[pri:0, instance:org.example.test.flightreservation.FlightReservationTest@1e81f160]" started-at="2024-02-04T23:38:02 GMT" name="registrationConfirmationTest" finished-at="2024-02-04T23:38:04 GMT" depends-on-methods="org.example.test.flightreservation.FlightReservationTest.userRegistration" duration-ms="1591" status="PASS">
          <reporter-output>
          </reporter-output>
        </test-method> <!-- registrationConfirmationTest -->
        <test-method signature="flightSearchTest()[pri:0, instance:org.example.test.flightreservation.FlightReservationTest@1e81f160]" started-at="2024-02-04T23:38:04 GMT" name="flightSearchTest" finished-at="2024-02-04T23:38:07 GMT" depends-on-methods="org.example.test.flightreservation.FlightReservationTest.registrationConfirmationTest" duration-ms="2894" status="PASS">
          <reporter-output>
          </reporter-output>
        </test-method> <!-- flightSearchTest -->
        <test-method signature="flightSelectionTest()[pri:0, instance:org.example.test.flightreservation.FlightReservationTest@1e81f160]" started-at="2024-02-04T23:38:07 GMT" name="flightSelectionTest" finished-at="2024-02-04T23:38:09 GMT" depends-on-methods="org.example.test.flightreservation.FlightReservationTest.flightSearchTest" duration-ms="2602" status="PASS">
          <reporter-output>
          </reporter-output>
        </test-method> <!-- flightSelectionTest -->
        <test-method signature="flightReservationConfirmation()[pri:0, instance:org.example.test.flightreservation.FlightReservationTest@1e81f160]" started-at="2024-02-04T23:38:09 GMT" name="flightReservationConfirmation" finished-at="2024-02-04T23:38:11 GMT" depends-on-methods="org.example.test.flightreservation.FlightReservationTest.flightSelectionTest" duration-ms="2291" status="PASS">
          <reporter-output>
          </reporter-output>
        </test-method> <!-- flightReservationConfirmation -->
        <test-method is-config="true" signature="quiteDriver()[pri:0, instance:org.example.test.flightreservation.FlightReservationTest@1e81f160]" started-at="2024-02-04T23:38:11 GMT" name="quiteDriver" finished-at="2024-02-04T23:38:12 GMT" duration-ms="234" status="PASS">
          <reporter-output>
          </reporter-output>
        </test-method> <!-- quiteDriver -->
      </class> <!-- org.example.test.flightreservation.FlightReservationTest -->
    </test> <!-- passengers-count-1 -->
    <test started-at="2024-02-04T23:38:12 GMT" name="passengers-count-4" finished-at="2024-02-04T23:38:28 GMT" duration-ms="16502">
      <class name="org.example.test.flightreservation.FlightReservationTest">
        <test-method is-config="true" signature="setUoConfig()[pri:0, instance:org.example.test.flightreservation.FlightReservationTest@6304101a]" started-at="2024-02-04T23:37:51 GMT" name="setUoConfig" finished-at="2024-02-04T23:37:51 GMT" duration-ms="40" status="PASS">
          <reporter-output>
          </reporter-output>
        </test-method> <!-- setUoConfig -->
        <test-method is-config="true" signature="setDriver(org.testng.ITestContext)[pri:0, instance:org.example.test.flightreservation.FlightReservationTest@6304101a]" started-at="2024-02-04T23:38:12 GMT" name="setDriver" finished-at="2024-02-04T23:38:14 GMT" duration-ms="2583" status="PASS">
          <params>
            <param index="0">
              <value>
                <![CDATA[org.testng.TestRunner@1869fbd2]]>
              </value>
            </param>
          </params>
          <reporter-output>
          </reporter-output>
        </test-method> <!-- setDriver -->
        <test-method is-config="true" signature="setUpParameters(java.lang.String)[pri:0, instance:org.example.test.flightreservation.FlightReservationTest@6304101a]" started-at="2024-02-04T23:38:14 GMT" name="setUpParameters" finished-at="2024-02-04T23:38:14 GMT" depends-on-methods="org.example.test.AbstractTest.setDriver" duration-ms="2" status="PASS">
          <params>
            <param index="0">
              <value>
                <![CDATA[testData/flight-reservation/passenger-4.json]]>
              </value>
            </param>
          </params>
          <reporter-output>
          </reporter-output>
        </test-method> <!-- setUpParameters -->
        <test-method signature="userRegistration()[pri:0, instance:org.example.test.flightreservation.FlightReservationTest@6304101a]" started-at="2024-02-04T23:38:14 GMT" name="userRegistration" finished-at="2024-02-04T23:38:19 GMT" duration-ms="4892" status="PASS">
          <reporter-output>
          </reporter-output>
        </test-method> <!-- userRegistration -->
        <test-method signature="registrationConfirmationTest()[pri:0, instance:org.example.test.flightreservation.FlightReservationTest@6304101a]" started-at="2024-02-04T23:38:19 GMT" name="registrationConfirmationTest" finished-at="2024-02-04T23:38:22 GMT" depends-on-methods="org.example.test.flightreservation.FlightReservationTest.userRegistration" duration-ms="2480" status="PASS">
          <reporter-output>
          </reporter-output>
        </test-method> <!-- registrationConfirmationTest -->
        <test-method signature="flightSearchTest()[pri:0, instance:org.example.test.flightreservation.FlightReservationTest@6304101a]" started-at="2024-02-04T23:38:22 GMT" name="flightSearchTest" finished-at="2024-02-04T23:38:24 GMT" depends-on-methods="org.example.test.flightreservation.FlightReservationTest.registrationConfirmationTest" duration-ms="2628" status="PASS">
          <reporter-output>
          </reporter-output>
        </test-method> <!-- flightSearchTest -->
        <test-method signature="flightSelectionTest()[pri:0, instance:org.example.test.flightreservation.FlightReservationTest@6304101a]" started-at="2024-02-04T23:38:24 GMT" name="flightSelectionTest" finished-at="2024-02-04T23:38:27 GMT" depends-on-methods="org.example.test.flightreservation.FlightReservationTest.flightSearchTest" duration-ms="2580" status="PASS">
          <reporter-output>
          </reporter-output>
        </test-method> <!-- flightSelectionTest -->
        <test-method signature="flightReservationConfirmation()[pri:0, instance:org.example.test.flightreservation.FlightReservationTest@6304101a]" started-at="2024-02-04T23:38:27 GMT" name="flightReservationConfirmation" finished-at="2024-02-04T23:38:28 GMT" depends-on-methods="org.example.test.flightreservation.FlightReservationTest.flightSelectionTest" duration-ms="1069" status="PASS">
          <reporter-output>
          </reporter-output>
        </test-method> <!-- flightReservationConfirmation -->
        <test-method is-config="true" signature="quiteDriver()[pri:0, instance:org.example.test.flightreservation.FlightReservationTest@6304101a]" started-at="2024-02-04T23:38:28 GMT" name="quiteDriver" finished-at="2024-02-04T23:38:28 GMT" duration-ms="243" status="PASS">
          <reporter-output>
          </reporter-output>
        </test-method> <!-- quiteDriver -->
      </class> <!-- org.example.test.flightreservation.FlightReservationTest -->
    </test> <!-- passengers-count-4 -->
    <test started-at="2024-02-04T23:38:12 GMT" name="passengers-count-3" finished-at="2024-02-04T23:38:28 GMT" duration-ms="16630">
      <class name="org.example.test.flightreservation.FlightReservationTest">
        <test-method is-config="true" signature="setDriver(org.testng.ITestContext)[pri:0, instance:org.example.test.flightreservation.FlightReservationTest@1f75a668]" started-at="2024-02-04T23:38:12 GMT" name="setDriver" finished-at="2024-02-04T23:38:14 GMT" duration-ms="2597" status="PASS">
          <params>
            <param index="0">
              <value>
                <![CDATA[org.testng.TestRunner@2f67b837]]>
              </value>
            </param>
          </params>
          <reporter-output>
          </reporter-output>
        </test-method> <!-- setDriver -->
        <test-method is-config="true" signature="setUpParameters(java.lang.String)[pri:0, instance:org.example.test.flightreservation.FlightReservationTest@1f75a668]" started-at="2024-02-04T23:38:14 GMT" name="setUpParameters" finished-at="2024-02-04T23:38:14 GMT" depends-on-methods="org.example.test.AbstractTest.setDriver" duration-ms="3" status="PASS">
          <params>
            <param index="0">
              <value>
                <![CDATA[testData/flight-reservation/passenger-3.json]]>
              </value>
            </param>
          </params>
          <reporter-output>
          </reporter-output>
        </test-method> <!-- setUpParameters -->
        <test-method signature="userRegistration()[pri:0, instance:org.example.test.flightreservation.FlightReservationTest@1f75a668]" started-at="2024-02-04T23:38:14 GMT" name="userRegistration" finished-at="2024-02-04T23:38:19 GMT" duration-ms="4850" status="PASS">
          <reporter-output>
          </reporter-output>
        </test-method> <!-- userRegistration -->
        <test-method signature="registrationConfirmationTest()[pri:0, instance:org.example.test.flightreservation.FlightReservationTest@1f75a668]" started-at="2024-02-04T23:38:19 GMT" name="registrationConfirmationTest" finished-at="2024-02-04T23:38:22 GMT" depends-on-methods="org.example.test.flightreservation.FlightReservationTest.userRegistration" duration-ms="2500" status="PASS">
          <reporter-output>
          </reporter-output>
        </test-method> <!-- registrationConfirmationTest -->
        <test-method signature="flightSearchTest()[pri:0, instance:org.example.test.flightreservation.FlightReservationTest@1f75a668]" started-at="2024-02-04T23:38:22 GMT" name="flightSearchTest" finished-at="2024-02-04T23:38:24 GMT" depends-on-methods="org.example.test.flightreservation.FlightReservationTest.registrationConfirmationTest" duration-ms="2680" status="PASS">
          <reporter-output>
          </reporter-output>
        </test-method> <!-- flightSearchTest -->
        <test-method signature="flightSelectionTest()[pri:0, instance:org.example.test.flightreservation.FlightReservationTest@1f75a668]" started-at="2024-02-04T23:38:24 GMT" name="flightSelectionTest" finished-at="2024-02-04T23:38:26 GMT" depends-on-methods="org.example.test.flightreservation.FlightReservationTest.flightSearchTest" duration-ms="1987" status="PASS">
          <reporter-output>
          </reporter-output>
        </test-method> <!-- flightSelectionTest -->
        <test-method signature="flightReservationConfirmation()[pri:0, instance:org.example.test.flightreservation.FlightReservationTest@1f75a668]" started-at="2024-02-04T23:38:26 GMT" name="flightReservationConfirmation" finished-at="2024-02-04T23:38:28 GMT" depends-on-methods="org.example.test.flightreservation.FlightReservationTest.flightSelectionTest" duration-ms="1750" status="PASS">
          <reporter-output>
          </reporter-output>
        </test-method> <!-- flightReservationConfirmation -->
        <test-method is-config="true" signature="quiteDriver()[pri:0, instance:org.example.test.flightreservation.FlightReservationTest@1f75a668]" started-at="2024-02-04T23:38:28 GMT" name="quiteDriver" finished-at="2024-02-04T23:38:28 GMT" duration-ms="242" status="PASS">
          <reporter-output>
          </reporter-output>
        </test-method> <!-- quiteDriver -->
      </class> <!-- org.example.test.flightreservation.FlightReservationTest -->
    </test> <!-- passengers-count-3 -->
  </suite> <!-- FLight Reservation Suite -->
</testng-results>
